2019-10-20 14:50:03.398 ERROR 88221 --- [main] o.s.boot.SpringApplication               : Application run failed

org.springframework.boot.context.properties.bind.BindException: Failed to bind properties under 'logging.level' to java.util.Map<java.lang.String, java.lang.String>
	at org.springframework.boot.context.properties.bind.Binder.handleBindError(Binder.java:250) ~[spring-boot-2.0.5.RELEASE.jar:2.0.5.RELEASE]
	at org.springframework.boot.context.properties.bind.Binder.bind(Binder.java:226) ~[spring-boot-2.0.5.RELEASE.jar:2.0.5.RELEASE]
	at org.springframework.boot.context.properties.bind.Binder.bind(Binder.java:210) ~[spring-boot-2.0.5.RELEASE.jar:2.0.5.RELEASE]
	at org.springframework.boot.context.properties.bind.Binder.bind(Binder.java:166) ~[spring-boot-2.0.5.RELEASE.jar:2.0.5.RELEASE]
	at org.springframework.boot.context.logging.LoggingApplicationListener.setLogLevels(LoggingApplicationListener.java:307) ~[spring-boot-2.0.5.RELEASE.jar:2.0.5.RELEASE]
	at org.springframework.boot.context.logging.LoggingApplicationListener.initializeFinalLoggingLevels(LoggingApplicationListener.java:290) ~[spring-boot-2.0.5.RELEASE.jar:2.0.5.RELEASE]
	at org.springframework.boot.context.logging.LoggingApplicationListener.initialize(LoggingApplicationListener.java:238) ~[spring-boot-2.0.5.RELEASE.jar:2.0.5.RELEASE]
	at org.springframework.boot.context.logging.LoggingApplicationListener.onApplicationEnvironmentPreparedEvent(LoggingApplicationListener.java:200) ~[spring-boot-2.0.5.RELEASE.jar:2.0.5.RELEASE]
	at org.springframework.boot.context.logging.LoggingApplicationListener.onApplicationEvent(LoggingApplicationListener.java:173) ~[spring-boot-2.0.5.RELEASE.jar:2.0.5.RELEASE]
	at org.springframework.context.event.SimpleApplicationEventMulticaster.doInvokeListener(SimpleApplicationEventMulticaster.java:172) ~[spring-context-5.0.9.RELEASE.jar:5.0.9.RELEASE]
	at org.springframework.context.event.SimpleApplicationEventMulticaster.invokeListener(SimpleApplicationEventMulticaster.java:165) ~[spring-context-5.0.9.RELEASE.jar:5.0.9.RELEASE]
	at org.springframework.context.event.SimpleApplicationEventMulticaster.multicastEvent(SimpleApplicationEventMulticaster.java:139) ~[spring-context-5.0.9.RELEASE.jar:5.0.9.RELEASE]
	at org.springframework.context.event.SimpleApplicationEventMulticaster.multicastEvent(SimpleApplicationEventMulticaster.java:127) ~[spring-context-5.0.9.RELEASE.jar:5.0.9.RELEASE]
	at org.springframework.boot.context.event.EventPublishingRunListener.environmentPrepared(EventPublishingRunListener.java:74) ~[spring-boot-2.0.5.RELEASE.jar:2.0.5.RELEASE]
	at org.springframework.boot.SpringApplicationRunListeners.environmentPrepared(SpringApplicationRunListeners.java:54) ~[spring-boot-2.0.5.RELEASE.jar:2.0.5.RELEASE]
	at org.springframework.boot.SpringApplication.prepareEnvironment(SpringApplication.java:364) [spring-boot-2.0.5.RELEASE.jar:2.0.5.RELEASE]
	at org.springframework.boot.SpringApplication.run(SpringApplication.java:323) [spring-boot-2.0.5.RELEASE.jar:2.0.5.RELEASE]
	at org.springframework.boot.SpringApplication.run(SpringApplication.java:1277) [spring-boot-2.0.5.RELEASE.jar:2.0.5.RELEASE]
	at org.springframework.boot.SpringApplication.run(SpringApplication.java:1265) [spring-boot-2.0.5.RELEASE.jar:2.0.5.RELEASE]
	at api.Application.main(Application.java:10) [classes/:na]
	at sun.reflect.NativeMethodAccessorImpl.invoke0(Native Method) ~[na:1.8.0_212]
	at sun.reflect.NativeMethodAccessorImpl.invoke(NativeMethodAccessorImpl.java:62) ~[na:1.8.0_212]
	at sun.reflect.DelegatingMethodAccessorImpl.invoke(DelegatingMethodAccessorImpl.java:43) ~[na:1.8.0_212]
	at java.lang.reflect.Method.invoke(Method.java:498) ~[na:1.8.0_212]
	at org.springframework.boot.maven.AbstractRunMojo$LaunchRunner.run(AbstractRunMojo.java:543) [spring-boot-maven-plugin-2.1.9.RELEASE.jar:2.1.9.RELEASE]
	at java.lang.Thread.run(Thread.java:748) [na:1.8.0_212]
Caused by: org.springframework.core.convert.ConverterNotFoundException: No converter found capable of converting from type [java.lang.String] to type [java.util.Map<java.lang.String, java.lang.String>]
	at org.springframework.core.convert.support.GenericConversionService.handleConverterNotFound(GenericConversionService.java:321) ~[spring-core-5.2.0.RELEASE.jar:5.2.0.RELEASE]
	at org.springframework.core.convert.support.GenericConversionService.convert(GenericConversionService.java:194) ~[spring-core-5.2.0.RELEASE.jar:5.2.0.RELEASE]
	at org.springframework.boot.context.properties.bind.BindConverter$CompositeConversionService.convert(BindConverter.java:162) ~[spring-boot-2.0.5.RELEASE.jar:2.0.5.RELEASE]
	at org.springframework.boot.context.properties.bind.BindConverter.convert(BindConverter.java:96) ~[spring-boot-2.0.5.RELEASE.jar:2.0.5.RELEASE]
	at org.springframework.boot.context.properties.bind.BindConverter.convert(BindConverter.java:88) ~[spring-boot-2.0.5.RELEASE.jar:2.0.5.RELEASE]
	at org.springframework.boot.context.properties.bind.MapBinder.bindAggregate(MapBinder.java:67) ~[spring-boot-2.0.5.RELEASE.jar:2.0.5.RELEASE]
	at org.springframework.boot.context.properties.bind.AggregateBinder.bind(AggregateBinder.java:58) ~[spring-boot-2.0.5.RELEASE.jar:2.0.5.RELEASE]
	at org.springframework.boot.context.properties.bind.Binder.lambda$bindAggregate$2(Binder.java:305) ~[spring-boot-2.0.5.RELEASE.jar:2.0.5.RELEASE]
	at org.springframework.boot.context.properties.bind.Binder$Context.withIncreasedDepth(Binder.java:441) ~[spring-boot-2.0.5.RELEASE.jar:2.0.5.RELEASE]
	at org.springframework.boot.context.properties.bind.Binder$Context.access$100(Binder.java:381) ~[spring-boot-2.0.5.RELEASE.jar:2.0.5.RELEASE]
	at org.springframework.boot.context.properties.bind.Binder.bindAggregate(Binder.java:304) ~[spring-boot-2.0.5.RELEASE.jar:2.0.5.RELEASE]
	at org.springframework.boot.context.properties.bind.Binder.bindObject(Binder.java:262) ~[spring-boot-2.0.5.RELEASE.jar:2.0.5.RELEASE]
	at org.springframework.boot.context.properties.bind.Binder.bind(Binder.java:221) ~[spring-boot-2.0.5.RELEASE.jar:2.0.5.RELEASE]
	... 24 common frames omitted

